perltidy version 20121207 log file on a darwin system, OLD_PERL_VERSION=5.010001
Found Configuration File >>> /Users/sid/.perltidyrc 
Configuration and command line parameters for this run:
-l=78 -i=4 -ci=4 -se -vt=2 -cti=0 -pt=1 -bt=1 -sbt=1 -bbt=1 -nsfs -nolq -wbb=% + - * / x != == >= <= =~ !~ < > | & >= < = **= += *= &= <<= &&= -== |= >>= ||= .= %= ^= x=
To find error messages search for 'WARNING' with your editor
Indentation will be with 4 spaces
Line 1 implies starting-indentation-level = 0
The nesting depths in the table below are at the start of the lines.
The indicated output line numbers are not always exact.
ci = levels of continuation indentation; bk = 1 if in BLOCK, 0 if not.

in:out indent c b  nesting   code + messages; (messages begin with >>>)
lines  levels i k            (code begins with one '.' per indent level)
------  ----- - - --------   -------------------------------------------
L4:4     i0:1 0 1 {          >>>Start indentation disagreement: input=0; output=1
L8:7     i0:0 0 1 {          >>>End indentation disagreement from input line 4
L15:16   i0:0 0 1            >>>Last line

First indentation disagreement seen at input line 4
Last indentation disagreement seen at input line 7
Note: Indentation disagreement detection is not accurate for outdenting and -lp.

No lines exceeded 78 characters
  Maximum output line length was 74 at line 7
Suggest including 'use warnings;'
Suggest including 'use strict;'
